2024-06-08 12:32:20,212 - __main__ - DEBUG - This is a debug message
2024-06-08 12:32:20,212 - __main__ - INFO - This is an info message
2024-06-08 12:32:20,212 - __main__ - WARNING - This is a warning message
2024-06-08 12:32:20,212 - __main__ - ERROR - This is an error message
2024-06-08 12:32:20,213 - __main__ - CRITICAL - This is a critical message
2024-06-08 12:33:12,573 - __main__ - DEBUG - This is a debug message
2024-06-08 12:33:12,573 - __main__ - INFO - This is an info message
2024-06-08 12:33:12,573 - __main__ - WARNING - This is a warning message
2024-06-08 12:33:12,574 - __main__ - ERROR - This is an error message
2024-06-08 12:33:12,574 - __main__ - CRITICAL - This is a critical message
2024-06-08 12:34:50,316 - __main__ - DEBUG - This is a debug message
2024-06-08 12:34:50,316 - __main__ - INFO - This is an info message
2024-06-08 12:34:50,317 - __main__ - WARNING - This is a warning message
2024-06-08 12:34:50,317 - __main__ - ERROR - This is an error message
2024-06-08 12:34:50,317 - __main__ - CRITICAL - This is a critical message
2024-06-08 12:35:05,041 - __main__ - DEBUG - This is a debug message
2024-06-08 12:35:05,041 - __main__ - INFO - This is an info message
2024-06-08 12:35:05,041 - __main__ - WARNING - This is a warning message
2024-06-08 12:35:05,042 - __main__ - ERROR - This is an error message
2024-06-08 12:35:05,042 - __main__ - CRITICAL - This is a critical message
