[0;32m[2024-07-14 15:01:34,984] - [root] - INFO:[0m CLI started
[0;32m[2024-07-14 15:04:02,360] - [root] - INFO:[0m CLI started
[0;32m[2024-07-14 15:07:17,830] - [root] - INFO:[0m CLI started
[0;32m[2024-07-14 15:16:42,587] - [root] - INFO:[0m CLI started
[0;32m[2024-07-14 15:20:43,895] - [root] - INFO:[0m CLI started
[0;32m[2024-07-14 15:23:04,689] - [root] - INFO:[0m CLI started
[0;32m[2024-07-14 15:26:20,491] - [root] - INFO:[0m CLI started
[0;32m[2024-07-14 15:27:09,831] - [root] - INFO:[0m CLI started
[0;32m[2024-07-14 15:28:50,486] - [root] - INFO:[0m CLI started
[0;32m[2024-07-14 15:29:12,584] - [root] - INFO:[0m CLI started
[0;32m[2024-07-14 15:29:50,033] - [root] - INFO:[0m CLI started
[0;32m[2024-07-14 15:30:44,047] - [root] - INFO:[0m CLI started
[0;32m[2024-07-14 15:31:12,359] - [root] - INFO:[0m CLI started
[0;32m[2024-07-14 15:31:50,613] - [root] - INFO:[0m CLI started
[0;32m[2024-07-14 15:32:20,519] - [root] - INFO:[0m CLI started
[0;32m[2024-07-14 15:33:51,815] - [root] - INFO:[0m CLI started
[0;32m[2024-07-14 15:34:20,612] - [root] - INFO:[0m CLI started
[0;32m[2024-07-14 15:35:08,898] - [root] - INFO:[0m CLI started
[0;32m[2024-07-14 15:37:13,459] - [root] - INFO:[0m CLI started
[0;32m[2024-07-14 17:46:30,439] - [root] - INFO:[0m CLI started
[0;32m[2024-07-14 17:47:27,161] - [root] - INFO:[0m CLI started
[0;32m[2024-07-14 17:49:07,729] - [root] - INFO:[0m CLI started
[0;32m[2024-07-14 17:56:32,367] - [root] - INFO:[0m CLI started
[0;32m[2024-07-14 17:57:19,465] - [root] - INFO:[0m CLI started
[0;32m[2024-07-14 17:58:35,157] - [root] - INFO:[0m CLI started
[0;32m[2024-07-14 18:01:36,259] - [root] - INFO:[0m CLI started
[0;32m[2024-07-14 18:04:02,804] - [root] - INFO:[0m CLI started
[0;32m[2024-07-14 18:06:31,071] - [root] - INFO:[0m CLI started
[0;32m[2024-07-14 18:12:39,577] - [root] - INFO:[0m CLI started
[0;32m[2024-07-14 18:14:03,041] - [root] - INFO:[0m CLI started
[0;32m[2024-07-14 18:16:03,993] - [root] - INFO:[0m CLI started
[0;32m[2024-07-14 18:22:48,976] - [root] - INFO:[0m CLI started
[0;32m[2024-07-14 18:25:20,837] - [root] - INFO:[0m CLI started
[0;32m[2024-07-14 18:27:25,321] - [root] - INFO:[0m CLI started
[0;32m[2024-07-14 21:32:42,378] - [root] - INFO:[0m CLI started
[0;32m[2024-07-14 23:10:52,862] - [root] - INFO:[0m CLI started
[0;32m[2024-07-14 23:10:56,985] - [root] - INFO:[0m CLI started
[0;32m[2024-07-14 23:11:42,897] - [root] - INFO:[0m CLI started
[0;32m[2024-07-14 23:21:46,969] - [root] - INFO:[0m CLI started
[0;32m[2024-07-14 23:23:26,273] - [root] - INFO:[0m CLI started
[0;32m[2024-07-14 23:24:30,286] - [root] - INFO:[0m CLI started
[0;32m[2024-07-14 23:24:51,993] - [root] - INFO:[0m CLI started
[0;32m[2024-07-14 23:26:07,766] - [root] - INFO:[0m CLI started
[0;32m[2024-07-14 23:26:34,651] - [root] - INFO:[0m CLI started
[0;32m[2024-07-14 23:28:30,141] - [root] - INFO:[0m CLI started
[0;32m[2024-07-14 23:29:10,505] - [root] - INFO:[0m CLI started
[0;32m[2024-07-14 23:30:23,153] - [root] - INFO:[0m CLI started
[0;32m[2024-07-14 23:34:35,175] - [root] - INFO:[0m CLI started
[0;32m[2024-07-14 23:35:14,928] - [root] - INFO:[0m CLI started
[0;32m[2024-07-14 23:35:31,994] - [root] - INFO:[0m CLI started
[0;32m[2024-07-14 23:35:58,071] - [root] - INFO:[0m CLI started
[0;32m[2024-07-14 23:37:02,444] - [root] - INFO:[0m CLI started
[0;32m[2024-07-14 23:39:44,238] - [root] - INFO:[0m CLI started
[0;32m[2024-07-14 23:40:50,089] - [root] - INFO:[0m CLI started
[0;32m[2024-07-14 23:41:07,580] - [root] - INFO:[0m CLI started
[0;32m[2024-07-14 23:41:38,485] - [root] - INFO:[0m CLI started
[0;32m[2024-07-14 23:43:14,518] - [root] - INFO:[0m CLI started
[0;32m[2024-07-14 23:46:49,989] - [root] - INFO:[0m CLI started
[0;32m[2024-07-14 23:48:07,216] - [root] - INFO:[0m CLI started
[0;32m[2024-07-15 10:15:39,659] - [root] - INFO:[0m CLI started
[0;32m[2024-07-15 10:21:01,902] - [root] - INFO:[0m CLI started
[0;32m[2024-07-15 11:17:31,302] - [root] - INFO:[0m CLI started
[0;32m[2024-07-15 11:18:00,838] - [root] - INFO:[0m CLI started
[0;32m[2024-07-15 11:33:45,643] - [root] - INFO:[0m CLI started
[0;32m[2024-07-15 11:34:00,599] - [root] - INFO:[0m CLI started
[0;32m[2024-07-15 11:35:15,096] - [root] - INFO:[0m CLI started
[0;32m[2024-07-15 11:36:20,705] - [root] - INFO:[0m CLI started
[0;32m[2024-07-15 11:37:31,181] - [root] - INFO:[0m CLI started
[0;32m[2024-07-15 11:39:23,096] - [root] - INFO:[0m CLI started
[0;32m[2024-07-15 11:40:03,411] - [root] - INFO:[0m CLI started
[0;32m[2024-07-15 11:41:38,578] - [root] - INFO:[0m CLI started
[0;32m[2024-07-15 11:44:26,376] - [root] - INFO:[0m CLI started
[0;32m[2024-07-15 11:46:09,604] - [root] - INFO:[0m CLI started
[0;32m[2024-07-15 11:46:58,728] - [root] - INFO:[0m CLI started
[0;32m[2024-07-15 13:34:41,598] - [root] - INFO:[0m CLI started
[0;32m[2024-07-15 13:35:14,859] - [root] - INFO:[0m CLI started
[0;32m[2024-07-15 13:40:07,868] - [root] - INFO:[0m CLI started
[0;32m[2024-07-15 13:45:49,965] - [root] - INFO:[0m CLI started
[0;32m[2024-07-15 13:47:01,407] - [root] - INFO:[0m CLI started
[0;32m[2024-07-15 13:47:51,363] - [root] - INFO:[0m CLI started
[0;32m[2024-07-15 13:49:55,512] - [root] - INFO:[0m CLI started
[0;32m[2024-07-15 13:52:35,738] - [root] - INFO:[0m CLI started
[0;32m[2024-07-15 13:58:24,894] - [root] - INFO:[0m CLI started
[0;32m[2024-07-15 13:59:19,804] - [root] - INFO:[0m CLI started
[0;32m[2024-07-15 14:00:47,827] - [root] - INFO:[0m CLI started
[0;32m[2024-07-15 14:02:22,018] - [root] - INFO:[0m CLI started
[0;32m[2024-07-15 14:03:58,442] - [root] - INFO:[0m CLI started
[0;32m[2024-07-15 14:04:13,054] - [root] - INFO:[0m CLI started
[0;32m[2024-07-15 14:05:04,402] - [root] - INFO:[0m CLI started
[0;32m[2024-07-15 14:07:41,367] - [root] - INFO:[0m CLI started
[0;32m[2024-07-15 14:10:47,247] - [root] - INFO:[0m CLI started
[0;32m[2024-07-15 14:11:02,362] - [root] - INFO:[0m CLI started
[0;32m[2024-07-15 14:11:35,641] - [root] - INFO:[0m CLI started
[0;32m[2024-07-15 14:13:57,661] - [root] - INFO:[0m CLI started
[0;32m[2024-07-15 14:15:23,210] - [root] - INFO:[0m CLI started
[0;32m[2024-07-15 14:16:12,796] - [root] - INFO:[0m CLI started
[0;32m[2024-07-15 14:16:42,887] - [root] - INFO:[0m CLI started
[0;32m[2024-07-15 14:18:17,590] - [root] - INFO:[0m CLI started
[0;32m[2024-07-15 14:19:23,352] - [root] - INFO:[0m CLI started
[0;32m[2024-07-15 14:19:57,716] - [root] - INFO:[0m CLI started
[0;32m[2024-07-15 14:20:45,022] - [root] - INFO:[0m CLI started
[0;32m[2024-07-15 14:21:55,314] - [root] - INFO:[0m CLI started
[0;32m[2024-07-15 14:22:25,229] - [root] - INFO:[0m CLI started
[0;32m[2024-07-15 14:22:43,623] - [root] - INFO:[0m CLI started
[0;32m[2024-07-15 14:23:00,007] - [root] - INFO:[0m CLI started
[0;32m[2024-07-15 14:23:32,768] - [root] - INFO:[0m CLI started
[0;32m[2024-07-15 14:24:01,766] - [root] - INFO:[0m CLI started
[0;32m[2024-07-15 14:38:07,500] - [root] - INFO:[0m CLI started
[0;32m[2024-07-15 14:38:27,591] - [root] - INFO:[0m CLI started
[0;32m[2024-07-15 14:39:42,820] - [root] - INFO:[0m CLI started
[0;32m[2024-07-15 14:41:22,397] - [root] - INFO:[0m CLI started
[0;32m[2024-07-15 14:42:36,110] - [root] - INFO:[0m CLI started
[0;32m[2024-07-15 14:43:45,948] - [root] - INFO:[0m CLI started
[0;32m[2024-07-15 14:45:06,822] - [root] - INFO:[0m CLI started
[0;32m[2024-07-15 14:47:50,183] - [root] - INFO:[0m CLI started
[0;32m[2024-07-15 14:48:12,110] - [root] - INFO:[0m CLI started
[0;32m[2024-07-15 14:48:30,837] - [root] - INFO:[0m CLI started
[0;32m[2024-07-15 14:49:31,649] - [root] - INFO:[0m CLI started
[0;32m[2024-07-15 14:51:08,169] - [root] - INFO:[0m CLI started
[0;32m[2024-07-15 14:52:00,407] - [root] - INFO:[0m CLI started
[0;32m[2024-07-15 14:53:37,935] - [root] - INFO:[0m CLI started
[0;32m[2024-07-15 14:53:52,929] - [root] - INFO:[0m CLI started
[0;32m[2024-07-15 14:55:07,708] - [database.actions] - INFO:[0m All uncommitted changes have been rolled back.
[0;32m[2024-07-15 14:55:52,727] - [root] - INFO:[0m CLI started
[0;32m[2024-07-15 14:57:43,220] - [root] - INFO:[0m CLI started
[0;32m[2024-07-15 14:57:56,560] - [root] - INFO:[0m CLI started
[0;32m[2024-07-15 14:58:21,815] - [root] - INFO:[0m CLI started
[0;32m[2024-07-15 14:59:35,512] - [root] - INFO:[0m CLI started
[0;32m[2024-07-15 15:00:33,817] - [root] - INFO:[0m CLI started
[0;32m[2024-07-15 15:01:13,764] - [root] - INFO:[0m CLI started
[0;32m[2024-07-15 15:02:14,451] - [root] - INFO:[0m CLI started
[0;32m[2024-07-15 15:02:33,870] - [root] - INFO:[0m CLI started
[0;32m[2024-07-15 15:07:22,880] - [root] - INFO:[0m CLI started
[0;32m[2024-07-15 15:07:57,562] - [database.actions] - INFO:[0m All uncommitted changes have been rolled back.
[0;32m[2024-07-15 15:08:37,987] - [database.actions] - INFO:[0m All uncommitted changes have been rolled back.
[0;32m[2024-07-15 15:08:46,155] - [root] - INFO:[0m CLI started
[0;32m[2024-07-15 15:09:12,660] - [root] - INFO:[0m CLI started
[0;32m[2024-07-15 15:10:01,068] - [database.actions] - INFO:[0m All uncommitted changes have been rolled back.
[0;32m[2024-07-15 15:15:19,695] - [root] - INFO:[0m CLI started
[0;32m[2024-07-15 15:16:29,383] - [root] - INFO:[0m CLI started
[0;32m[2024-07-15 15:18:31,673] - [root] - INFO:[0m CLI started
[0;32m[2024-07-15 15:20:15,261] - [root] - INFO:[0m CLI started
[0;32m[2024-07-15 15:32:26,116] - [root] - INFO:[0m CLI started
[0;32m[2024-07-15 15:34:22,605] - [root] - INFO:[0m CLI started
[0;32m[2024-07-15 15:36:05,129] - [root] - INFO:[0m CLI started
[0;32m[2024-07-15 15:37:45,898] - [root] - INFO:[0m CLI started
[0;32m[2024-07-15 15:40:43,664] - [root] - INFO:[0m CLI started
[0;32m[2024-07-15 15:41:44,300] - [database.actions] - INFO:[0m All changes have been committed successfully.
[0;31m[2024-07-15 15:41:44,300] - [database.actions] - ERROR:[0m An error occurred during commit: unsupported operand type(s) for +: 'dict_values' and 'dict_values'
[0;31m[2024-07-15 15:41:44,300] - [database.actions] - ERROR:[0m All changes have been rolled back.
[0;31m[2024-07-15 15:41:44,300] - [commands.basic_commands] - ERROR:[0m An error occurred during commit: unsupported operand type(s) for +: 'dict_values' and 'dict_values'
[0;32m[2024-07-15 15:42:46,814] - [database.actions] - INFO:[0m All changes have been committed successfully.
[0;31m[2024-07-15 15:42:46,814] - [database.actions] - ERROR:[0m An error occurred during commit: unsupported operand type(s) for +: 'dict_values' and 'dict_values'
[0;31m[2024-07-15 15:42:46,814] - [database.actions] - ERROR:[0m All changes have been rolled back.
[0;31m[2024-07-15 15:42:46,814] - [commands.basic_commands] - ERROR:[0m An error occurred during commit: unsupported operand type(s) for +: 'dict_values' and 'dict_values'
[0;32m[2024-07-15 15:47:25,987] - [root] - INFO:[0m CLI started
[0;32m[2024-07-15 15:48:03,133] - [root] - INFO:[0m CLI started
[0;32m[2024-07-15 15:48:50,586] - [root] - INFO:[0m CLI started
[0;32m[2024-07-15 15:50:17,629] - [database.actions] - INFO:[0m All changes have been committed successfully.
[0;31m[2024-07-15 15:50:17,629] - [database.actions] - ERROR:[0m An error occurred during commit: unsupported operand type(s) for +: 'dict_values' and 'dict_values'
[0;31m[2024-07-15 15:50:17,629] - [database.actions] - ERROR:[0m All changes have been rolled back.
[0;31m[2024-07-15 15:50:17,629] - [commands.basic_commands] - ERROR:[0m An error occurred during commit: unsupported operand type(s) for +: 'dict_values' and 'dict_values'
[0;32m[2024-07-15 16:08:23,284] - [root] - INFO:[0m CLI started
[0;32m[2024-07-15 16:09:04,776] - [root] - INFO:[0m CLI started
[0;32m[2024-07-15 16:09:25,689] - [database.actions] - INFO:[0m All changes have been committed successfully.
[0;32m[2024-07-15 16:09:25,689] - [database.actions] - INFO:[0m Total changes: 9
[0;32m[2024-07-15 16:09:25,689] - [database.actions] - INFO:[0m <Expense(id=3, date=2024-01-09, amount=800.00, account_id=2, category_id=None, notes=Monthly rent payment)>
[0;32m[2024-07-15 16:09:25,690] - [database.actions] - INFO:[0m <Expense(id=22, date=2024-03-10, amount=850.00, account_id=1, category_id=None, notes=Rent for the month)>
[0;32m[2024-07-15 16:09:25,690] - [database.actions] - INFO:[0m <Expense(id=32, date=2024-04-09, amount=900.00, account_id=1, category_id=None, notes=Monthly mortgage payment)>
[0;32m[2024-07-15 16:09:25,690] - [database.actions] - INFO:[0m <Expense(id=42, date=2024-05-09, amount=750.00, account_id=1, category_id=None, notes=Rent for downtown apartment)>
[0;32m[2024-07-15 16:09:25,690] - [database.actions] - INFO:[0m <Expense(id=52, date=2024-06-08, amount=750.00, account_id=1, category_id=None, notes=Rent for downtown apartment)>
[0;32m[2024-07-15 16:09:25,690] - [database.actions] - INFO:[0m <Expense(id=62, date=2024-07-08, amount=750.00, account_id=1, category_id=None, notes=Rent for downtown apartment)>
[0;32m[2024-07-15 16:09:25,690] - [database.actions] - INFO:[0m <ExpenseCategory(id=3, name='Rent/Mortgage')>
[0;32m[2024-07-15 16:09:25,690] - [database.actions] - INFO:[0m <Account(id=2, name='card', balance=20585.75)>
[0;32m[2024-07-15 16:09:25,690] - [database.actions] - INFO:[0m <Account(id=1, name='cash', balance=-2005.00)>
[0;32m[2024-07-15 16:09:25,690] - [commands.basic_commands] - INFO:[0m All changes have been committed successfully.
